<?xml version="1.0" encoding="UTF-8"?>
<!-- Generated by org.testng.reporters.JUnitReportReporter -->
<testsuite skipped="0" hostname="Ragav" name="gitTest.GitTest" tests="1" failures="0" timestamp="2020-08-18T09:16:59 IST" time="19.680" errors="0">
  <testcase name="loginTest" time="19.680" classname="gitTest.GitTest"/>
  <system-out/>
</testsuite> <!-- gitTest.GitTest -->
