<?xml version="1.0" encoding="UTF-8"?>
<!-- Generated by org.testng.reporters.JUnitReportReporter -->
<testsuite skipped="0" hostname="Ragav" name="gitTest.GitTest" tests="1" failures="0" timestamp="2020-08-13T10:02:25 IST" time="16.756" errors="0">
  <testcase name="loginTest" time="16.756" classname="gitTest.GitTest"/>
  <system-out/>
</testsuite> <!-- gitTest.GitTest -->
